<?xml version="1.0" encoding="UTF-8"?>
<testng-results skipped="0" failed="0" ignored="0" total="1" passed="1">
  <reporter-output>
  </reporter-output>
  <suite name="Default suite" duration-ms="29771" started-at="2021-06-06T12:01:04 EDT" finished-at="2021-06-06T12:01:33 EDT">
    <groups>
    </groups>
    <test name="Default test" duration-ms="29771" started-at="2021-06-06T12:01:04 EDT" finished-at="2021-06-06T12:01:33 EDT">
      <class name="com.guru99.testcases.TC003_AddCustomer">
        <test-method status="PASS" signature="setup()[pri:0, instance:com.guru99.testcases.TC003_AddCustomer@4671e53b]" name="setup" is-config="true" duration-ms="3006" started-at="2021-06-06T12:01:04 EDT" finished-at="2021-06-06T12:01:07 EDT">
          <reporter-output>
          </reporter-output>
        </test-method> <!-- setup -->
        <test-method status="PASS" signature="createCust(java.util.Map)[pri:0, instance:com.guru99.testcases.TC003_AddCustomer@4671e53b]" name="createCust" duration-ms="25532" started-at="2021-06-06T12:01:08 EDT" data-provider="getData" finished-at="2021-06-06T12:01:33 EDT">
          <params>
            <param index="0">
              <value>
                <![CDATA[{Email=abcdef@gmail.com, Execute=yes, Address=abc street, TestScenario=new customer, Gender=male, City=London, MobileNum=1234567890, TestID=TC003_NewCust, CustName=abc, PIN=2354326, DOB=12-12-2000, State=Ontario, Password=abcde}]]>
              </value>
            </param>
          </params>
          <reporter-output>
          </reporter-output>
        </test-method> <!-- createCust -->
        <test-method status="PASS" signature="closeBrowser()[pri:0, instance:com.guru99.testcases.TC003_AddCustomer@4671e53b]" name="closeBrowser" is-config="true" duration-ms="0" started-at="2021-06-06T12:01:33 EDT" finished-at="2021-06-06T12:01:33 EDT">
          <reporter-output>
          </reporter-output>
        </test-method> <!-- closeBrowser -->
      </class> <!-- com.guru99.testcases.TC003_AddCustomer -->
    </test> <!-- Default test -->
  </suite> <!-- Default suite -->
</testng-results>
