<?xml version="1.0" encoding="UTF-8"?>
<!-- Generated by org.testng.reporters.JUnitXMLReporter -->
<testsuite hostname="LAPTOP-SQU2HEOV" ignored="0" name="Login" tests="6" failures="0" timestamp="2021-06-06T11:39:25 EDT" time="55.214" errors="0">
  <testcase name="TC002_InvalidLogin" time="7.934" classname="com.guru99.testcases.TC001_validLogin"/>
  <testcase name="TC002_InvalidLogin" time="7.665" classname="com.guru99.testcases.TC002_invalidLogin"/>
  <testcase name="TC002_InvalidLogin" time="0.004" classname="com.guru99.testcases.TC002_invalidLogin"/>
  <testcase name="TC002_InvalidLogin" time="0.004" classname="com.guru99.testcases.TC002_invalidLogin"/>
  <testcase name="TC002_InvalidLogin" time="0.004" classname="com.guru99.testcases.TC002_invalidLogin"/>
  <testcase name="createCust" time="26.932" classname="com.guru99.testcases.TC003_AddCustomer"/>
</testsuite> <!-- Login -->
